Connection established to port 4339
Message sent to port 4339: LIST
List operation started
Timeout expired while reading from port 4339
List operation failed
Message sent to port 4339: STORE deni.txt 6
Store operation started for file deni.txt
Timeout expired while reading from port 4339
Message sent to port 4339: STORE deni.txt 6
Store operation started for file deni.txt
Timeout expired while reading from port 4339
Message sent to port 4339: STORE deni2.txt 4
Store operation started for file deni2.txt
Timeout expired while reading from port 4339
Message sent to port 4339: STORE deni4.txt 10
Store operation started for file deni4.txt
Timeout expired while reading from port 4339
Message sent to port 4339: LIST
List operation started
Timeout expired while reading from port 4339
List operation failed
