Connection established to port 4339
Message sent to port 4339: LIST
List operation started
Message received from port 4339: LIST 
List operation successfully completed
Message sent to port 4339: STORE deni.txt 6
Store operation started for file deni.txt
Message received from port 4339: STORE_TO 4358 4359 
Controller replied to store deni.txt in these Dstores: 4358 4359 
Connection established to port 4358
Message sent to port 4358: STORE deni.txt 6
Storing file deni.txt to Dstore 4358
Message received from port 4358: ACK
ACK received from Dstore 4358 to store file deni.txt
Store of file deni.txt to Dstore 4358 successfully completed
Connection established to port 4359
Message sent to port 4359: STORE deni.txt 6
Storing file deni.txt to Dstore 4359
Message received from port 4359: ACK
ACK received from Dstore 4359 to store file deni.txt
Store of file deni.txt to Dstore 4359 successfully completed
Message received from port 4339: STORE_COMPLETE
Store operation for file deni.txt completed
Message sent to port 4339: STORE deni.txt 6
Store operation started for file deni.txt
Message received from port 4339: ERROR_FILE_ALREADY_EXISTS
File to store deni.txt already exists in the data store
Message sent to port 4339: STORE deni2.txt 4
Store operation started for file deni2.txt
Message received from port 4339: STORE_TO 4358 4359 
Controller replied to store deni2.txt in these Dstores: 4358 4359 
Connection established to port 4358
Message sent to port 4358: STORE deni2.txt 4
Storing file deni2.txt to Dstore 4358
Message received from port 4358: ACK
ACK received from Dstore 4358 to store file deni2.txt
Store of file deni2.txt to Dstore 4358 successfully completed
Connection established to port 4359
Message sent to port 4359: STORE deni2.txt 4
Storing file deni2.txt to Dstore 4359
Message received from port 4359: ACK
ACK received from Dstore 4359 to store file deni2.txt
Store of file deni2.txt to Dstore 4359 successfully completed
Message received from port 4339: STORE_COMPLETE
Store operation for file deni2.txt completed
Message sent to port 4339: STORE deni4.txt 10
Store operation started for file deni4.txt
Message received from port 4339: STORE_TO 4359 4358 
Controller replied to store deni4.txt in these Dstores: 4359 4358 
Connection established to port 4359
Message sent to port 4359: STORE deni4.txt 10
Storing file deni4.txt to Dstore 4359
Message received from port 4359: ACK
ACK received from Dstore 4359 to store file deni4.txt
Store of file deni4.txt to Dstore 4359 successfully completed
Connection established to port 4358
Message sent to port 4358: STORE deni4.txt 10
Storing file deni4.txt to Dstore 4358
Message received from port 4358: ACK
ACK received from Dstore 4358 to store file deni4.txt
Store of file deni4.txt to Dstore 4358 successfully completed
Message received from port 4339: STORE_COMPLETE
Store operation for file deni4.txt completed
Message sent to port 4339: STORE deni3.txt 5
Store operation started for file deni3.txt
Message received from port 4339: STORE_TO 4359 4358 
Controller replied to store deni3.txt in these Dstores: 4359 4358 
Connection established to port 4359
Message sent to port 4359: STORE deni3.txt 5
Storing file deni3.txt to Dstore 4359
Message received from port 4359: ACK
ACK received from Dstore 4359 to store file deni3.txt
Store of file deni3.txt to Dstore 4359 successfully completed
Connection established to port 4358
Message sent to port 4358: STORE deni3.txt 5
Storing file deni3.txt to Dstore 4358
Message received from port 4358: ACK
ACK received from Dstore 4358 to store file deni3.txt
Store of file deni3.txt to Dstore 4358 successfully completed
Message received from port 4339: STORE_COMPLETE
Store operation for file deni3.txt completed
Message sent to port 4339: LIST
List operation started
Message received from port 4339: LIST deni.txt deni4.txt deni3.txt deni2.txt 
List operation successfully completed
Message sent to port 4339: LOAD deni.txt
Load operation for file deni.txt started
Message received from port 4339: LOAD_FROM 4358 6
Controller replied to load file deni.txt (size: 6 bytes) from Dstore 4358
Connection established to port 4358
Message sent to port 4358: LOAD_DATA deni.txt
Loading file deni.txt from Dstore 4358
Load operation of file deni.txt from Dstore 4358 successfully completed
Message sent to port 4339: LOAD deni4.txt
Load operation for file deni4.txt started
Message received from port 4339: LOAD_FROM 4359 10
Controller replied to load file deni4.txt (size: 10 bytes) from Dstore 4359
Connection established to port 4359
Message sent to port 4359: LOAD_DATA deni4.txt
Loading file deni4.txt from Dstore 4359
Load operation of file deni4.txt from Dstore 4359 successfully completed
Message sent to port 4339: LOAD deni3.txt
Load operation for file deni3.txt started
Message received from port 4339: LOAD_FROM 4359 5
Controller replied to load file deni3.txt (size: 5 bytes) from Dstore 4359
Connection established to port 4359
Message sent to port 4359: LOAD_DATA deni3.txt
Loading file deni3.txt from Dstore 4359
Load operation of file deni3.txt from Dstore 4359 successfully completed
Message sent to port 4339: LOAD deni2.txt
Load operation for file deni2.txt started
Message received from port 4339: LOAD_FROM 4358 4
Controller replied to load file deni2.txt (size: 4 bytes) from Dstore 4358
Connection established to port 4358
Message sent to port 4358: LOAD_DATA deni2.txt
Loading file deni2.txt from Dstore 4358
Load operation of file deni2.txt from Dstore 4358 successfully completed
Message sent to port 4339: LIST
List operation started
Message received from port 4339: LIST deni.txt deni4.txt deni3.txt deni2.txt 
List operation successfully completed
