Connection established to port 4339
Message sent to port 4339: LIST
List operation started
Message received from port 4339: LIST 
List operation successfully completed
Message sent to port 4339: STORE deni.txt 6
Store operation started for file deni.txt
Message received from port 4339: STORE_TO 4356 4347 
Controller replied to store deni.txt in these Dstores: 4356 4347 
Connection established to port 4356
Message sent to port 4356: STORE deni.txt 6
Storing file deni.txt to Dstore 4356
Store of file deni.txt to Dstore 4356 failed
Store of file deni.txt to Dstore 4347 failed
Timeout expired while reading from port 4339
Message sent to port 4339: STORE deni.txt 6
Store operation started for file deni.txt
Message received from port 4339: ERROR_FILE_ALREADY_EXISTS
File to store deni.txt already exists in the data store
Message sent to port 4339: STORE deni2.txt 4
Store operation started for file deni2.txt
Message received from port 4339: STORE_TO 4347 4356 
Controller replied to store deni2.txt in these Dstores: 4347 4356 
Store of file deni2.txt to Dstore 4347 failed
Store of file deni2.txt to Dstore 4356 failed
Message received from port 4339: null
ERROR: Connection closed by the Controller
Message sent to port 4339: STORE deni4.txt 10
Store operation started for file deni4.txt
Message received from port 4339: null
ERROR: Connection closed by the Controller
Message sent to port 4339: LIST
List operation started
Message received from port 4339: null
ERROR: Connection closed by the Controller
List operation failed
