Connection established to port 4339
Message sent to port 4339: LIST
List operation started
Message received from port 4339: LIST 
List operation successfully completed
Message sent to port 4339: STORE deni.txt 6
Store operation started for file deni.txt
Message received from port 4339: STORE_TO 4347 
Controller replied to store deni.txt in these Dstores: 4347 
Connection established to port 4347
Message sent to port 4347: STORE deni.txt 6
Storing file deni.txt to Dstore 4347
Message received from port 4347: ACK
ACK received from Dstore 4347 to store file deni.txt
Store of file deni.txt to Dstore 4347 successfully completed
Message received from port 4339: STORE_COMPLETE
Store operation for file deni.txt completed
Message sent to port 4339: STORE deni.txt 6
Store operation started for file deni.txt
Message received from port 4339: ERROR_FILE_ALREADY_EXISTS
File to store deni.txt already exists in the data store
Message sent to port 4339: STORE deni2.txt 4
Store operation started for file deni2.txt
Message received from port 4339: STORE_TO 4347 
Controller replied to store deni2.txt in these Dstores: 4347 
Connection established to port 4347
Message sent to port 4347: STORE deni2.txt 4
Storing file deni2.txt to Dstore 4347
Message received from port 4347: ACK
ACK received from Dstore 4347 to store file deni2.txt
Store of file deni2.txt to Dstore 4347 successfully completed
Message received from port 4339: STORE_COMPLETE
Store operation for file deni2.txt completed
Message sent to port 4339: STORE deni4.txt 10
Store operation started for file deni4.txt
Message received from port 4339: STORE_TO 4345 
Controller replied to store deni4.txt in these Dstores: 4345 
Connection established to port 4345
Message sent to port 4345: STORE deni4.txt 10
Storing file deni4.txt to Dstore 4345
Message received from port 4345: ACK
ACK received from Dstore 4345 to store file deni4.txt
Store of file deni4.txt to Dstore 4345 successfully completed
Message received from port 4339: STORE_COMPLETE
Store operation for file deni4.txt completed
Message sent to port 4339: LIST
List operation started
Message received from port 4339: LIST deni.txt deni4.txt deni2.txt 
List operation successfully completed
Message sent to port 4339: LOAD deni.txt
Load operation for file deni.txt started
Message received from port 4339: LOAD_FROM 4347 6
Controller replied to load file deni.txt (size: 6 bytes) from Dstore 4347
Connection established to port 4347
Message sent to port 4347: LOAD_DATA deni.txt
Loading file deni.txt from Dstore 4347
Load operation of file deni.txt from Dstore 4347 successfully completed
Message sent to port 4339: LOAD deni4.txt
Load operation for file deni4.txt started
Message received from port 4339: LOAD_FROM 4345 10
Controller replied to load file deni4.txt (size: 10 bytes) from Dstore 4345
Connection established to port 4345
Message sent to port 4345: LOAD_DATA deni4.txt
Loading file deni4.txt from Dstore 4345
Load operation of file deni4.txt from Dstore 4345 successfully completed
Message sent to port 4339: LOAD deni2.txt
Load operation for file deni2.txt started
Message received from port 4339: null
ERROR: Connection closed by the Controller
